2022-07-15 09:37:25,830 WARN org.springframework.boot.autoconfigure.orm.jpa.JpaBaseConfiguration$JpaWebConfiguration [main] spring.jpa.open-in-view is enabled by default. Therefore, database queries may be performed during view rendering. Explicitly configure spring.jpa.open-in-view to disable this warning
2022-07-15 09:37:26,997 WARN com.idftechnology.crypto_service.service.UserService [ThreadPoolTaskScheduler1] crypto id: 90, user: someuser@gmail.com, price change %: 3.5095268102141697
2022-07-15 09:37:26,997 WARN com.idftechnology.crypto_service.service.UserService [ThreadPoolTaskScheduler1] crypto id: 90, user: someuser1@gmail.com, price change %: 4.398107684550778
2022-07-15 09:37:26,997 WARN com.idftechnology.crypto_service.service.UserService [ThreadPoolTaskScheduler1] crypto id: 90, user: someuser3@gmail.com, price change %: 4.247059642566353
2022-07-15 09:37:26,998 WARN com.idftechnology.crypto_service.service.UserService [ThreadPoolTaskScheduler1] crypto id: 90, user: , price change %: 5.043800677813781
2022-07-15 09:37:26,998 WARN com.idftechnology.crypto_service.service.UserService [ThreadPoolTaskScheduler1] crypto id: 90, user: 91, price change %: 4.72784016558363
2022-07-15 09:37:26,998 WARN com.idftechnology.crypto_service.service.UserService [ThreadPoolTaskScheduler1] crypto id: 90, user: alex@gmail.com, price change %: 4.702316501175763
2022-07-15 09:37:26,998 WARN com.idftechnology.crypto_service.service.UserService [ThreadPoolTaskScheduler1] crypto id: 90, user: alex2@gmail.com, price change %: 4.290728026276214
2022-07-15 09:37:26,999 WARN com.idftechnology.crypto_service.service.UserService [ThreadPoolTaskScheduler1] crypto id: 90, user: alexmerphy@gmail.com, price change %: 3.98665261678961
2022-07-15 09:37:26,999 WARN com.idftechnology.crypto_service.service.UserService [ThreadPoolTaskScheduler1] crypto id: 90, user: alexmerphy1@gmail.com, price change %: 1.6570696275233665
2022-07-15 09:37:27,227 WARN com.idftechnology.crypto_service.service.UserService [ThreadPoolTaskScheduler1] crypto id: 80, user: someuser4@gmail.com, price change %: 10.648773273811152
2022-07-15 09:37:27,228 WARN com.idftechnology.crypto_service.service.UserService [ThreadPoolTaskScheduler1] crypto id: 80, user: vasiliy@gmail.com, price change %: 5.744583728361241
2022-07-15 09:37:27,466 WARN com.idftechnology.crypto_service.service.UserService [ThreadPoolTaskScheduler1] crypto id: 48543, user: someuser5@gmail.com, price change %: 8.954785672342913
2022-07-15 09:37:27,467 WARN com.idftechnology.crypto_service.service.UserService [ThreadPoolTaskScheduler1] crypto id: 48543, user: someuser6@gmail.com, price change %: 9.307805596465379
2022-07-15 09:38:27,855 WARN com.idftechnology.crypto_service.service.UserService [ThreadPoolTaskScheduler1] crypto id: 90, user: someuser@gmail.com, price change %: 3.5095268102141697
2022-07-15 09:38:27,857 WARN com.idftechnology.crypto_service.service.UserService [ThreadPoolTaskScheduler1] crypto id: 90, user: someuser1@gmail.com, price change %: 4.398107684550778
2022-07-15 09:38:27,858 WARN com.idftechnology.crypto_service.service.UserService [ThreadPoolTaskScheduler1] crypto id: 90, user: someuser3@gmail.com, price change %: 4.247059642566353
2022-07-15 09:38:27,859 WARN com.idftechnology.crypto_service.service.UserService [ThreadPoolTaskScheduler1] crypto id: 90, user: , price change %: 5.043800677813781
2022-07-15 09:38:27,860 WARN com.idftechnology.crypto_service.service.UserService [ThreadPoolTaskScheduler1] crypto id: 90, user: 91, price change %: 4.72784016558363
2022-07-15 09:38:27,861 WARN com.idftechnology.crypto_service.service.UserService [ThreadPoolTaskScheduler1] crypto id: 90, user: alex@gmail.com, price change %: 4.702316501175763
2022-07-15 09:38:27,861 WARN com.idftechnology.crypto_service.service.UserService [ThreadPoolTaskScheduler1] crypto id: 90, user: alex2@gmail.com, price change %: 4.290728026276214
2022-07-15 09:38:27,862 WARN com.idftechnology.crypto_service.service.UserService [ThreadPoolTaskScheduler1] crypto id: 90, user: alexmerphy@gmail.com, price change %: 3.98665261678961
2022-07-15 09:38:27,863 WARN com.idftechnology.crypto_service.service.UserService [ThreadPoolTaskScheduler1] crypto id: 90, user: alexmerphy1@gmail.com, price change %: 1.6570696275233665
2022-07-15 09:38:28,105 WARN com.idftechnology.crypto_service.service.UserService [ThreadPoolTaskScheduler1] crypto id: 80, user: someuser4@gmail.com, price change %: 10.648773273811152
2022-07-15 09:38:28,105 WARN com.idftechnology.crypto_service.service.UserService [ThreadPoolTaskScheduler1] crypto id: 80, user: vasiliy@gmail.com, price change %: 5.744583728361241
2022-07-15 09:38:28,328 WARN com.idftechnology.crypto_service.service.UserService [ThreadPoolTaskScheduler1] crypto id: 48543, user: someuser5@gmail.com, price change %: 8.954785672342913
2022-07-15 09:38:28,328 WARN com.idftechnology.crypto_service.service.UserService [ThreadPoolTaskScheduler1] crypto id: 48543, user: someuser6@gmail.com, price change %: 9.307805596465379
2022-07-15 09:39:02,151 WARN org.springframework.boot.autoconfigure.orm.jpa.JpaBaseConfiguration$JpaWebConfiguration [main] spring.jpa.open-in-view is enabled by default. Therefore, database queries may be performed during view rendering. Explicitly configure spring.jpa.open-in-view to disable this warning
2022-07-15 09:39:02,985 WARN com.idftechnology.crypto_service.service.UserService [ThreadPoolTaskScheduler1] crypto id: 90, user: someuser@gmail.com, price change %: 3.5095268102141697
2022-07-15 09:39:02,986 WARN com.idftechnology.crypto_service.service.UserService [ThreadPoolTaskScheduler1] crypto id: 90, user: someuser1@gmail.com, price change %: 4.398107684550778
2022-07-15 09:39:02,986 WARN com.idftechnology.crypto_service.service.UserService [ThreadPoolTaskScheduler1] crypto id: 90, user: someuser3@gmail.com, price change %: 4.247059642566353
2022-07-15 09:39:02,986 WARN com.idftechnology.crypto_service.service.UserService [ThreadPoolTaskScheduler1] crypto id: 90, user: , price change %: 5.043800677813781
2022-07-15 09:39:02,986 WARN com.idftechnology.crypto_service.service.UserService [ThreadPoolTaskScheduler1] crypto id: 90, user: 91, price change %: 4.72784016558363
2022-07-15 09:39:02,987 WARN com.idftechnology.crypto_service.service.UserService [ThreadPoolTaskScheduler1] crypto id: 90, user: alex@gmail.com, price change %: 4.702316501175763
2022-07-15 09:39:02,987 WARN com.idftechnology.crypto_service.service.UserService [ThreadPoolTaskScheduler1] crypto id: 90, user: alex2@gmail.com, price change %: 4.290728026276214
2022-07-15 09:39:02,987 WARN com.idftechnology.crypto_service.service.UserService [ThreadPoolTaskScheduler1] crypto id: 90, user: alexmerphy@gmail.com, price change %: 3.98665261678961
2022-07-15 09:39:02,988 WARN com.idftechnology.crypto_service.service.UserService [ThreadPoolTaskScheduler1] crypto id: 90, user: alexmerphy1@gmail.com, price change %: 1.6570696275233665
2022-07-15 09:39:03,234 WARN com.idftechnology.crypto_service.service.UserService [ThreadPoolTaskScheduler1] crypto id: 80, user: someuser4@gmail.com, price change %: 10.648773273811152
2022-07-15 09:39:03,234 WARN com.idftechnology.crypto_service.service.UserService [ThreadPoolTaskScheduler1] crypto id: 80, user: vasiliy@gmail.com, price change %: 5.744583728361241
2022-07-15 09:39:03,440 WARN com.idftechnology.crypto_service.service.UserService [ThreadPoolTaskScheduler1] crypto id: 48543, user: someuser5@gmail.com, price change %: 8.954785672342913
2022-07-15 09:39:03,441 WARN com.idftechnology.crypto_service.service.UserService [ThreadPoolTaskScheduler1] crypto id: 48543, user: someuser6@gmail.com, price change %: 9.307805596465379
2022-07-15 10:39:39,036 WARN com.idftechnology.crypto_service.service.UserService [ThreadPoolTaskScheduler1] crypto id: 90, user: alex1@gmail.com, price change %: 5.910249841409265
2022-07-15 10:40:50,504 WARN com.idftechnology.crypto_service.service.UserService [ThreadPoolTaskScheduler2] crypto id: 90, user: alex1@gmail.com, price change %: 5.910249841409265
2022-07-15 10:40:52,444 WARN com.idftechnology.crypto_service.service.UserService [ThreadPoolTaskScheduler2] crypto id: 48543, user: nik2@gmail.com, price change %: 23.636968085106382
2022-07-15 14:51:41,241 WARN org.springframework.boot.autoconfigure.orm.jpa.JpaBaseConfiguration$JpaWebConfiguration [main] spring.jpa.open-in-view is enabled by default. Therefore, database queries may be performed during view rendering. Explicitly configure spring.jpa.open-in-view to disable this warning
2022-07-15 14:55:51,532 WARN org.springframework.boot.autoconfigure.orm.jpa.JpaBaseConfiguration$JpaWebConfiguration [main] spring.jpa.open-in-view is enabled by default. Therefore, database queries may be performed during view rendering. Explicitly configure spring.jpa.open-in-view to disable this warning
2022-07-15 14:58:49,962 WARN org.springframework.boot.autoconfigure.orm.jpa.JpaBaseConfiguration$JpaWebConfiguration [main] spring.jpa.open-in-view is enabled by default. Therefore, database queries may be performed during view rendering. Explicitly configure spring.jpa.open-in-view to disable this warning
2022-07-15 15:00:30,237 WARN org.springframework.boot.autoconfigure.orm.jpa.JpaBaseConfiguration$JpaWebConfiguration [main] spring.jpa.open-in-view is enabled by default. Therefore, database queries may be performed during view rendering. Explicitly configure spring.jpa.open-in-view to disable this warning
2022-07-15 15:01:30,626 WARN org.springframework.boot.autoconfigure.orm.jpa.JpaBaseConfiguration$JpaWebConfiguration [main] spring.jpa.open-in-view is enabled by default. Therefore, database queries may be performed during view rendering. Explicitly configure spring.jpa.open-in-view to disable this warning
2022-07-15 15:02:17,790 WARN org.springframework.boot.autoconfigure.orm.jpa.JpaBaseConfiguration$JpaWebConfiguration [main] spring.jpa.open-in-view is enabled by default. Therefore, database queries may be performed during view rendering. Explicitly configure spring.jpa.open-in-view to disable this warning
2022-07-15 15:02:18,872 ERROR org.springframework.scheduling.support.TaskUtils$LoggingErrorHandler [ThreadPoolTaskScheduler1] Unexpected error occurred in scheduled task
java.lang.NullPointerException: Cannot invoke "java.math.BigDecimal.doubleValue()" because "entryPrice" is null
	at com.idftechnology.crypto_service.service.util.PriceChecker.checkPriceChange(PriceChecker.java:11)
	at com.idftechnology.crypto_service.service.UserService.lambda$warnPriceChange$0(UserService.java:64)
	at java.base/java.util.stream.ReferencePipeline$2$1.accept(ReferencePipeline.java:178)
	at java.base/java.util.ArrayList$ArrayListSpliterator.forEachRemaining(ArrayList.java:1625)
	at java.base/java.util.stream.AbstractPipeline.copyInto(AbstractPipeline.java:509)
	at java.base/java.util.stream.AbstractPipeline.wrapAndCopyInto(AbstractPipeline.java:499)
	at java.base/java.util.stream.ReduceOps$ReduceOp.evaluateSequential(ReduceOps.java:921)
	at java.base/java.util.stream.AbstractPipeline.evaluate(AbstractPipeline.java:234)
	at java.base/java.util.stream.ReferencePipeline.collect(ReferencePipeline.java:682)
	at com.idftechnology.crypto_service.service.UserService.warnPriceChange(UserService.java:65)
	at com.idftechnology.crypto_service.service.UserService$$FastClassBySpringCGLIB$$1ac86f7e.invoke(<generated>)
	at org.springframework.cglib.proxy.MethodProxy.invoke(MethodProxy.java:218)
	at org.springframework.aop.framework.CglibAopProxy$CglibMethodInvocation.invokeJoinpoint(CglibAopProxy.java:793)
	at org.springframework.aop.framework.ReflectiveMethodInvocation.proceed(ReflectiveMethodInvocation.java:163)
	at org.springframework.aop.framework.CglibAopProxy$CglibMethodInvocation.proceed(CglibAopProxy.java:763)
	at org.springframework.transaction.interceptor.TransactionInterceptor$1.proceedWithInvocation(TransactionInterceptor.java:123)
	at org.springframework.transaction.interceptor.TransactionAspectSupport.invokeWithinTransaction(TransactionAspectSupport.java:388)
	at org.springframework.transaction.interceptor.TransactionInterceptor.invoke(TransactionInterceptor.java:119)
	at org.springframework.aop.framework.ReflectiveMethodInvocation.proceed(ReflectiveMethodInvocation.java:186)
	at org.springframework.aop.framework.CglibAopProxy$CglibMethodInvocation.proceed(CglibAopProxy.java:763)
	at org.springframework.aop.framework.CglibAopProxy$DynamicAdvisedInterceptor.intercept(CglibAopProxy.java:708)
	at com.idftechnology.crypto_service.service.UserService$$EnhancerBySpringCGLIB$$5446a59f.warnPriceChange(<generated>)
	at com.idftechnology.crypto_service.scheduler.ScheduleCryptoJobTask.run(ScheduleCryptoJobTask.java:38)
	at org.springframework.scheduling.support.DelegatingErrorHandlingRunnable.run(DelegatingErrorHandlingRunnable.java:54)
	at org.springframework.scheduling.concurrent.ReschedulingRunnable.run(ReschedulingRunnable.java:95)
	at java.base/java.util.concurrent.Executors$RunnableAdapter.call(Executors.java:539)
	at java.base/java.util.concurrent.FutureTask.run(FutureTask.java:264)
	at java.base/java.util.concurrent.ScheduledThreadPoolExecutor$ScheduledFutureTask.run(ScheduledThreadPoolExecutor.java:304)
	at java.base/java.util.concurrent.ThreadPoolExecutor.runWorker(ThreadPoolExecutor.java:1136)
	at java.base/java.util.concurrent.ThreadPoolExecutor$Worker.run(ThreadPoolExecutor.java:635)
	at java.base/java.lang.Thread.run(Thread.java:833)
2022-07-15 15:05:07,239 WARN org.springframework.boot.autoconfigure.orm.jpa.JpaBaseConfiguration$JpaWebConfiguration [main] spring.jpa.open-in-view is enabled by default. Therefore, database queries may be performed during view rendering. Explicitly configure spring.jpa.open-in-view to disable this warning
2022-07-15 15:05:09,338 ERROR org.springframework.scheduling.support.TaskUtils$LoggingErrorHandler [ThreadPoolTaskScheduler1] Unexpected error occurred in scheduled task
java.lang.NullPointerException: Cannot invoke "java.math.BigDecimal.doubleValue()" because "entryPrice" is null
	at com.idftechnology.crypto_service.service.util.PriceChecker.checkPriceChange(PriceChecker.java:11)
	at com.idftechnology.crypto_service.service.UserService.lambda$warnPriceChange$0(UserService.java:64)
	at java.base/java.util.stream.ReferencePipeline$2$1.accept(ReferencePipeline.java:178)
	at java.base/java.util.ArrayList$ArrayListSpliterator.forEachRemaining(ArrayList.java:1625)
	at java.base/java.util.stream.AbstractPipeline.copyInto(AbstractPipeline.java:509)
	at java.base/java.util.stream.AbstractPipeline.wrapAndCopyInto(AbstractPipeline.java:499)
	at java.base/java.util.stream.ReduceOps$ReduceOp.evaluateSequential(ReduceOps.java:921)
	at java.base/java.util.stream.AbstractPipeline.evaluate(AbstractPipeline.java:234)
	at java.base/java.util.stream.ReferencePipeline.collect(ReferencePipeline.java:682)
	at com.idftechnology.crypto_service.service.UserService.warnPriceChange(UserService.java:65)
	at com.idftechnology.crypto_service.service.UserService$$FastClassBySpringCGLIB$$1ac86f7e.invoke(<generated>)
	at org.springframework.cglib.proxy.MethodProxy.invoke(MethodProxy.java:218)
	at org.springframework.aop.framework.CglibAopProxy$CglibMethodInvocation.invokeJoinpoint(CglibAopProxy.java:793)
	at org.springframework.aop.framework.ReflectiveMethodInvocation.proceed(ReflectiveMethodInvocation.java:163)
	at org.springframework.aop.framework.CglibAopProxy$CglibMethodInvocation.proceed(CglibAopProxy.java:763)
	at org.springframework.transaction.interceptor.TransactionInterceptor$1.proceedWithInvocation(TransactionInterceptor.java:123)
	at org.springframework.transaction.interceptor.TransactionAspectSupport.invokeWithinTransaction(TransactionAspectSupport.java:388)
	at org.springframework.transaction.interceptor.TransactionInterceptor.invoke(TransactionInterceptor.java:119)
	at org.springframework.aop.framework.ReflectiveMethodInvocation.proceed(ReflectiveMethodInvocation.java:186)
	at org.springframework.aop.framework.CglibAopProxy$CglibMethodInvocation.proceed(CglibAopProxy.java:763)
	at org.springframework.aop.framework.CglibAopProxy$DynamicAdvisedInterceptor.intercept(CglibAopProxy.java:708)
	at com.idftechnology.crypto_service.service.UserService$$EnhancerBySpringCGLIB$$5446a59f.warnPriceChange(<generated>)
	at com.idftechnology.crypto_service.scheduler.ScheduleCryptoJobTask.run(ScheduleCryptoJobTask.java:38)
	at org.springframework.scheduling.support.DelegatingErrorHandlingRunnable.run(DelegatingErrorHandlingRunnable.java:54)
	at org.springframework.scheduling.concurrent.ReschedulingRunnable.run(ReschedulingRunnable.java:95)
	at java.base/java.util.concurrent.Executors$RunnableAdapter.call(Executors.java:539)
	at java.base/java.util.concurrent.FutureTask.run(FutureTask.java:264)
	at java.base/java.util.concurrent.ScheduledThreadPoolExecutor$ScheduledFutureTask.run(ScheduledThreadPoolExecutor.java:304)
	at java.base/java.util.concurrent.ThreadPoolExecutor.runWorker(ThreadPoolExecutor.java:1136)
	at java.base/java.util.concurrent.ThreadPoolExecutor$Worker.run(ThreadPoolExecutor.java:635)
	at java.base/java.lang.Thread.run(Thread.java:833)
2022-07-15 15:06:51,078 WARN org.springframework.boot.autoconfigure.orm.jpa.JpaBaseConfiguration$JpaWebConfiguration [main] spring.jpa.open-in-view is enabled by default. Therefore, database queries may be performed during view rendering. Explicitly configure spring.jpa.open-in-view to disable this warning
2022-07-15 15:06:52,218 ERROR org.springframework.scheduling.support.TaskUtils$LoggingErrorHandler [ThreadPoolTaskScheduler1] Unexpected error occurred in scheduled task
org.springframework.beans.factory.BeanCreationNotAllowedException: Error creating bean with name 'dataSourceScriptDatabaseInitializer': Singleton bean creation not allowed while singletons of this factory are in destruction (Do not request a bean from a BeanFactory in a destroy method implementation!)
	at org.springframework.beans.factory.support.DefaultSingletonBeanRegistry.getSingleton(DefaultSingletonBeanRegistry.java:220)
	at org.springframework.beans.factory.support.AbstractBeanFactory.doGetBean(AbstractBeanFactory.java:333)
	at org.springframework.beans.factory.support.AbstractBeanFactory.getBean(AbstractBeanFactory.java:208)
	at org.springframework.beans.factory.support.AbstractBeanFactory.doGetBean(AbstractBeanFactory.java:322)
	at org.springframework.beans.factory.support.AbstractBeanFactory.getBean(AbstractBeanFactory.java:208)
	at org.springframework.beans.factory.support.DefaultListableBeanFactory$1.orderedStream(DefaultListableBeanFactory.java:481)
	at org.springframework.dao.support.PersistenceExceptionTranslationInterceptor.detectPersistenceExceptionTranslators(PersistenceExceptionTranslationInterceptor.java:167)
	at org.springframework.dao.support.PersistenceExceptionTranslationInterceptor.invoke(PersistenceExceptionTranslationInterceptor.java:149)
	at org.springframework.aop.framework.ReflectiveMethodInvocation.proceed(ReflectiveMethodInvocation.java:186)
	at org.springframework.data.jpa.repository.support.CrudMethodMetadataPostProcessor$CrudMethodMetadataPopulatingMethodInterceptor.invoke(CrudMethodMetadataPostProcessor.java:174)
	at org.springframework.aop.framework.ReflectiveMethodInvocation.proceed(ReflectiveMethodInvocation.java:186)
	at org.springframework.aop.interceptor.ExposeInvocationInterceptor.invoke(ExposeInvocationInterceptor.java:97)
	at org.springframework.aop.framework.ReflectiveMethodInvocation.proceed(ReflectiveMethodInvocation.java:186)
	at org.springframework.aop.framework.JdkDynamicAopProxy.invoke(JdkDynamicAopProxy.java:215)
	at jdk.proxy2/jdk.proxy2.$Proxy122.save(Unknown Source)
	at com.idftechnology.crypto_service.service.CryptoService.add(CryptoService.java:87)
	at com.idftechnology.crypto_service.service.CryptoService$$FastClassBySpringCGLIB$$1e0f94c8.invoke(<generated>)
	at org.springframework.cglib.proxy.MethodProxy.invoke(MethodProxy.java:218)
	at org.springframework.aop.framework.CglibAopProxy$CglibMethodInvocation.invokeJoinpoint(CglibAopProxy.java:793)
	at org.springframework.aop.framework.ReflectiveMethodInvocation.proceed(ReflectiveMethodInvocation.java:163)
	at org.springframework.aop.framework.CglibAopProxy$CglibMethodInvocation.proceed(CglibAopProxy.java:763)
	at org.springframework.transaction.interceptor.TransactionInterceptor$1.proceedWithInvocation(TransactionInterceptor.java:123)
	at org.springframework.transaction.interceptor.TransactionAspectSupport.invokeWithinTransaction(TransactionAspectSupport.java:388)
	at org.springframework.transaction.interceptor.TransactionInterceptor.invoke(TransactionInterceptor.java:119)
	at org.springframework.aop.framework.ReflectiveMethodInvocation.proceed(ReflectiveMethodInvocation.java:186)
	at org.springframework.aop.framework.CglibAopProxy$CglibMethodInvocation.proceed(CglibAopProxy.java:763)
	at org.springframework.aop.framework.CglibAopProxy$DynamicAdvisedInterceptor.intercept(CglibAopProxy.java:708)
	at com.idftechnology.crypto_service.service.CryptoService$$EnhancerBySpringCGLIB$$4830b3bd.add(<generated>)
	at com.idftechnology.crypto_service.scheduler.ScheduleCryptoJobTask.run(ScheduleCryptoJobTask.java:37)
	at org.springframework.scheduling.support.DelegatingErrorHandlingRunnable.run(DelegatingErrorHandlingRunnable.java:54)
	at org.springframework.scheduling.concurrent.ReschedulingRunnable.run(ReschedulingRunnable.java:95)
	at java.base/java.util.concurrent.Executors$RunnableAdapter.call(Executors.java:539)
	at java.base/java.util.concurrent.FutureTask.run(FutureTask.java:264)
	at java.base/java.util.concurrent.ScheduledThreadPoolExecutor$ScheduledFutureTask.run(ScheduledThreadPoolExecutor.java:304)
	at java.base/java.util.concurrent.ThreadPoolExecutor.runWorker(ThreadPoolExecutor.java:1136)
	at java.base/java.util.concurrent.ThreadPoolExecutor$Worker.run(ThreadPoolExecutor.java:635)
	at java.base/java.lang.Thread.run(Thread.java:833)
2022-07-15 15:07:12,258 WARN org.springframework.boot.autoconfigure.orm.jpa.JpaBaseConfiguration$JpaWebConfiguration [main] spring.jpa.open-in-view is enabled by default. Therefore, database queries may be performed during view rendering. Explicitly configure spring.jpa.open-in-view to disable this warning
2022-07-15 15:07:13,330 ERROR org.springframework.scheduling.support.TaskUtils$LoggingErrorHandler [ThreadPoolTaskScheduler1] Unexpected error occurred in scheduled task
java.lang.NullPointerException: Cannot invoke "java.math.BigDecimal.doubleValue()" because "entryPrice" is null
	at com.idftechnology.crypto_service.service.util.PriceChecker.checkPriceChange(PriceChecker.java:11)
	at com.idftechnology.crypto_service.service.UserService.lambda$warnPriceChange$0(UserService.java:64)
	at java.base/java.util.stream.ReferencePipeline$2$1.accept(ReferencePipeline.java:178)
	at java.base/java.util.ArrayList$ArrayListSpliterator.forEachRemaining(ArrayList.java:1625)
	at java.base/java.util.stream.AbstractPipeline.copyInto(AbstractPipeline.java:509)
	at java.base/java.util.stream.AbstractPipeline.wrapAndCopyInto(AbstractPipeline.java:499)
	at java.base/java.util.stream.ReduceOps$ReduceOp.evaluateSequential(ReduceOps.java:921)
	at java.base/java.util.stream.AbstractPipeline.evaluate(AbstractPipeline.java:234)
	at java.base/java.util.stream.ReferencePipeline.collect(ReferencePipeline.java:682)
	at com.idftechnology.crypto_service.service.UserService.warnPriceChange(UserService.java:65)
	at com.idftechnology.crypto_service.service.UserService$$FastClassBySpringCGLIB$$1ac86f7e.invoke(<generated>)
	at org.springframework.cglib.proxy.MethodProxy.invoke(MethodProxy.java:218)
	at org.springframework.aop.framework.CglibAopProxy$CglibMethodInvocation.invokeJoinpoint(CglibAopProxy.java:793)
	at org.springframework.aop.framework.ReflectiveMethodInvocation.proceed(ReflectiveMethodInvocation.java:163)
	at org.springframework.aop.framework.CglibAopProxy$CglibMethodInvocation.proceed(CglibAopProxy.java:763)
	at org.springframework.transaction.interceptor.TransactionInterceptor$1.proceedWithInvocation(TransactionInterceptor.java:123)
	at org.springframework.transaction.interceptor.TransactionAspectSupport.invokeWithinTransaction(TransactionAspectSupport.java:388)
	at org.springframework.transaction.interceptor.TransactionInterceptor.invoke(TransactionInterceptor.java:119)
	at org.springframework.aop.framework.ReflectiveMethodInvocation.proceed(ReflectiveMethodInvocation.java:186)
	at org.springframework.aop.framework.CglibAopProxy$CglibMethodInvocation.proceed(CglibAopProxy.java:763)
	at org.springframework.aop.framework.CglibAopProxy$DynamicAdvisedInterceptor.intercept(CglibAopProxy.java:708)
	at com.idftechnology.crypto_service.service.UserService$$EnhancerBySpringCGLIB$$5446a59f.warnPriceChange(<generated>)
	at com.idftechnology.crypto_service.scheduler.ScheduleCryptoJobTask.run(ScheduleCryptoJobTask.java:38)
	at org.springframework.scheduling.support.DelegatingErrorHandlingRunnable.run(DelegatingErrorHandlingRunnable.java:54)
	at org.springframework.scheduling.concurrent.ReschedulingRunnable.run(ReschedulingRunnable.java:95)
	at java.base/java.util.concurrent.Executors$RunnableAdapter.call(Executors.java:539)
	at java.base/java.util.concurrent.FutureTask.run(FutureTask.java:264)
	at java.base/java.util.concurrent.ScheduledThreadPoolExecutor$ScheduledFutureTask.run(ScheduledThreadPoolExecutor.java:304)
	at java.base/java.util.concurrent.ThreadPoolExecutor.runWorker(ThreadPoolExecutor.java:1136)
	at java.base/java.util.concurrent.ThreadPoolExecutor$Worker.run(ThreadPoolExecutor.java:635)
	at java.base/java.lang.Thread.run(Thread.java:833)
